2023-04-03 00:11:11.473370 - Initialized conversion of CBT422
2023-04-03 00:11:11.670451 - Received CBT.V504.FILE422.PDS from FILE422.XMI 
2023-04-03 00:11:11.673290 - Found $$$#DATE.txt (text/plain) in CBT.V504.FILE422.PDS, moved to PDS/$$$#DATE
2023-04-03 00:11:11.674456 - Found $$INDEX.txt (text/plain) in CBT.V504.FILE422.PDS, moved to PDS/$$INDEX
2023-04-03 00:11:11.675592 - Found @FILE422.txt (text/plain) in CBT.V504.FILE422.PDS, moved to PDS/@FILE422
2023-04-03 00:11:11.676803 - Found CHEKTRAN.txt (text/plain) in CBT.V504.FILE422.PDS, moved to PDS/CHEKTRAN
2023-04-03 00:11:11.677786 - Found DI.txt (text/plain) in CBT.V504.FILE422.PDS, moved to PDS/DI
2023-04-03 00:11:11.678674 - Found ENT13.txt (text/plain) in CBT.V504.FILE422.PDS, moved to PDS/ENT13
2023-04-03 00:11:11.679753 - Found EQUATE.txt (text/plain) in CBT.V504.FILE422.PDS, moved to PDS/EQUATE
2023-04-03 00:11:11.680669 - Found EXT13.txt (text/plain) in CBT.V504.FILE422.PDS, moved to PDS/EXT13
2023-04-03 00:11:11.681716 - Found FCBGEN.jcl (text/plain) in CBT.V504.FILE422.PDS, moved to PDS/FCBGEN
2023-04-03 00:11:11.682653 - Found FCBGENC.txt (text/plain) in CBT.V504.FILE422.PDS, moved to PDS/FCBGENC
2023-04-03 00:11:11.683646 - Found FCBIDR.jcl (text/plain) in CBT.V504.FILE422.PDS, moved to PDS/FCBIDR
2023-04-03 00:11:11.684536 - Found FCBIDRJC.jcl (text/plain) in CBT.V504.FILE422.PDS, moved to PDS/FCBIDRJC
2023-04-03 00:11:11.685437 - Found FCBWTO.jcl (text/plain) in CBT.V504.FILE422.PDS, moved to PDS/FCBWTO
2023-04-03 00:11:11.686303 - Found HEWLDFPX.jcl (text/plain) in CBT.V504.FILE422.PDS, moved to PDS/HEWLDFPX
2023-04-03 00:11:11.687270 - Found HEWLDFP1.jcl (text/plain) in CBT.V504.FILE422.PDS, moved to PDS/HEWLDFP1
2023-04-03 00:11:11.688644 - Found IEFTBL.jcl (text/plain) in CBT.V504.FILE422.PDS, moved to PDS/IEFTBL
2023-04-03 00:11:11.689756 - Found IEFUTL.txt (text/plain) in CBT.V504.FILE422.PDS, moved to PDS/IEFUTL
2023-04-03 00:11:11.690695 - Found INITJCL.jcl (text/plain) in CBT.V504.FILE422.PDS, moved to PDS/INITJCL
2023-04-03 00:11:11.691652 - Found INITTAPE.jcl (text/plain) in CBT.V504.FILE422.PDS, moved to PDS/INITTAPE
2023-04-03 00:11:11.692575 - Found INIT3480.jcl (text/plain) in CBT.V504.FILE422.PDS, moved to PDS/INIT3480
2023-04-03 00:11:11.693461 - Found JESNSLT.jcl (text/plain) in CBT.V504.FILE422.PDS, moved to PDS/JESNSLT
2023-04-03 00:11:11.694343 - Found JESNSLTX.jcl (text/plain) in CBT.V504.FILE422.PDS, moved to PDS/JESNSLTX
2023-04-03 00:11:11.695752 - Found MAS9010.txt (text/plain) in CBT.V504.FILE422.PDS, moved to PDS/MAS9010
2023-04-03 00:11:11.696910 - Found MAS9010#.txt (text/plain) in CBT.V504.FILE422.PDS, moved to PDS/MAS9010#
2023-04-03 00:11:11.697977 - Found PRVIPLSP.jcl (text/plain) in CBT.V504.FILE422.PDS, moved to PDS/PRVIPLSP
2023-04-03 00:11:11.699202 - Found PRVIPLXA.jcl (text/plain) in CBT.V504.FILE422.PDS, moved to PDS/PRVIPLXA
2023-04-03 00:11:11.700200 - Found TSOMXSP.jcl (text/plain) in CBT.V504.FILE422.PDS, moved to PDS/TSOMXSP
2023-04-03 00:11:11.701585 - Found TSOMXXA.jcl (text/plain) in CBT.V504.FILE422.PDS, moved to PDS/TSOMXXA
2023-04-03 00:11:11.702603 - Found TURKEY.txt (text/plain) in CBT.V504.FILE422.PDS, moved to PDS/TURKEY
2023-04-03 00:11:11.703567 - Found VARLENTH.txt (text/plain) in CBT.V504.FILE422.PDS, moved to PDS/VARLENTH
